[debug] [2025-06-27T08:15:18.222Z] ----------------------------------------------------------------------
[debug] [2025-06-27T08:15:18.230Z] Command:       /usr/local/bin/firebase /Users/imacdsi04/.cache/firebase/tools/lib/node_modules/firebase-tools/lib/bin/firebase init
[debug] [2025-06-27T08:15:18.230Z] CLI Version:   14.9.0
[debug] [2025-06-27T08:15:18.230Z] Platform:      darwin
[debug] [2025-06-27T08:15:18.230Z] Node Version:  v20.18.2
[debug] [2025-06-27T08:15:18.231Z] Time:          Fri Jun 27 2025 15:15:18 GMT+0700 (Western Indonesia Time)
[debug] [2025-06-27T08:15:18.231Z] ----------------------------------------------------------------------
[debug] 
[debug] [2025-06-27T08:15:18.238Z] > command requires scopes: ["email","openid","https://www.googleapis.com/auth/cloudplatformprojects.readonly","https://www.googleapis.com/auth/firebase","https://www.googleapis.com/auth/cloud-platform"]
[debug] [2025-06-27T08:15:18.239Z] > authorizing via signed-in user (kukishinobu004@gmail.com)
[info] 
     ######## #### ########  ######## ########     ###     ######  ########
     ##        ##  ##     ## ##       ##     ##  ##   ##  ##       ##
     ######    ##  ########  ######   ########  #########  ######  ######
     ##        ##  ##    ##  ##       ##     ## ##     ##       ## ##
     ##       #### ##     ## ######## ########  ##     ##  ######  ########

You're about to initialize a Firebase project in this directory:

  /Users/imacdsi04/AndroidStudioProjects/AndroidFirebaseStarter

[debug] [2025-06-27T08:19:01.937Z] ExitPromptError: User force closed the prompt with SIGINT
    at Interface.sigint (/Users/imacdsi04/.cache/firebase/tools/lib/node_modules/@inquirer/core/dist/commonjs/lib/create-prompt.js:101:37)
    at Interface.emit (node:events:518:28)
    at Interface.emit (node:domain:489:12)
    at [_ttyWrite] [as _ttyWrite] (node:internal/readline/interface:1125:18)
    at ReadStream.onkeypress (node:internal/readline/interface:264:20)
    at ReadStream.emit (node:events:530:35)
    at ReadStream.emit (node:domain:489:12)
    at emitKeys (node:internal/readline/utils:371:14)
    at emitKeys.next (<anonymous>)
    at ReadStream.onData (node:internal/readline/emitKeypressEvents:64:36)
[error] 
[error] Error: An unexpected error has occurred.
